0 info it worked if it ends with ok
1 verbose cli [
1 verbose cli   '/usr/local/bin/node',
1 verbose cli   '/usr/local/lib/node_modules/npm/bin/npm-cli.js',
1 verbose cli   'run',
1 verbose cli   'watch'
1 verbose cli ]
2 info using npm@6.14.5
3 info using node@v12.18.2
4 verbose run-script [ 'prewatch', 'watch', 'postwatch' ]
5 info lifecycle ncms@1.0.0~prewatch: ncms@1.0.0
6 info lifecycle ncms@1.0.0~watch: ncms@1.0.0
7 verbose lifecycle ncms@1.0.0~watch: unsafe-perm in lifecycle true
8 verbose lifecycle ncms@1.0.0~watch: PATH: /usr/local/lib/node_modules/npm/node_modules/npm-lifecycle/node-gyp-bin:/app/node_modules/.bin:/usr/local/lib/node_modules/npm/node_modules/npm-lifecycle/node-gyp-bin:/app/node_modules/.bin:/usr/local/sbin:/usr/local/bin:/usr/sbin:/usr/bin:/sbin:/bin
9 verbose lifecycle ncms@1.0.0~watch: CWD: /app
10 silly lifecycle ncms@1.0.0~watch: Args: [ '-c', 'nodemon app.js' ]
11 info lifecycle ncms@1.0.0~watch: Failed to exec watch script
12 verbose stack Error: ncms@1.0.0 watch: `nodemon app.js`
12 verbose stack spawn ENOENT
12 verbose stack     at ChildProcess.<anonymous> (/usr/local/lib/node_modules/npm/node_modules/npm-lifecycle/lib/spawn.js:48:18)
12 verbose stack     at ChildProcess.emit (events.js:315:20)
12 verbose stack     at maybeClose (internal/child_process.js:1021:16)
12 verbose stack     at Process.ChildProcess._handle.onexit (internal/child_process.js:286:5)
13 verbose pkgid ncms@1.0.0
14 verbose cwd /app
15 verbose Linux 4.15.0-109-generic
16 verbose argv "/usr/local/bin/node" "/usr/local/lib/node_modules/npm/bin/npm-cli.js" "run" "watch"
17 verbose node v12.18.2
18 verbose npm  v6.14.5
19 error code ELIFECYCLE
20 error syscall spawn
21 error file sh
22 error errno ENOENT
23 error ncms@1.0.0 watch: `nodemon app.js`
23 error spawn ENOENT
24 error Failed at the ncms@1.0.0 watch script.
24 error This is probably not a problem with npm. There is likely additional logging output above.
25 verbose exit [ 1, true ]
