0 info it worked if it ends with ok
1 verbose cli [ '/usr/local/bin/node', '/usr/local/bin/npm', 'run', 'migrate-down' ]
2 info using npm@6.14.5
3 info using node@v12.18.2
4 verbose run-script [ 'premigrate-down', 'migrate-down', 'postmigrate-down' ]
5 info lifecycle ncms@1.0.0~premigrate-down: ncms@1.0.0
6 info lifecycle ncms@1.0.0~migrate-down: ncms@1.0.0
7 verbose lifecycle ncms@1.0.0~migrate-down: unsafe-perm in lifecycle true
8 verbose lifecycle ncms@1.0.0~migrate-down: PATH: /usr/local/lib/node_modules/npm/node_modules/npm-lifecycle/node-gyp-bin:/app/node_modules/.bin:/usr/local/sbin:/usr/local/bin:/usr/sbin:/usr/bin:/sbin:/bin
9 verbose lifecycle ncms@1.0.0~migrate-down: CWD: /app
10 silly lifecycle ncms@1.0.0~migrate-down: Args: [ '-c', 'migrate down --md ./src/migrations' ]
11 silly lifecycle ncms@1.0.0~migrate-down: Returned: code: 255  signal: null
12 info lifecycle ncms@1.0.0~migrate-down: Failed to exec migrate-down script
13 verbose stack Error: ncms@1.0.0 migrate-down: `migrate down --md ./src/migrations`
13 verbose stack Exit status 255
13 verbose stack     at EventEmitter.<anonymous> (/usr/local/lib/node_modules/npm/node_modules/npm-lifecycle/index.js:332:16)
13 verbose stack     at EventEmitter.emit (events.js:315:20)
13 verbose stack     at ChildProcess.<anonymous> (/usr/local/lib/node_modules/npm/node_modules/npm-lifecycle/lib/spawn.js:55:14)
13 verbose stack     at ChildProcess.emit (events.js:315:20)
13 verbose stack     at maybeClose (internal/child_process.js:1021:16)
13 verbose stack     at Process.ChildProcess._handle.onexit (internal/child_process.js:286:5)
14 verbose pkgid ncms@1.0.0
15 verbose cwd /app
16 verbose Linux 4.15.0-109-generic
17 verbose argv "/usr/local/bin/node" "/usr/local/bin/npm" "run" "migrate-down"
18 verbose node v12.18.2
19 verbose npm  v6.14.5
20 error code ELIFECYCLE
21 error errno 255
22 error ncms@1.0.0 migrate-down: `migrate down --md ./src/migrations`
22 error Exit status 255
23 error Failed at the ncms@1.0.0 migrate-down script.
23 error This is probably not a problem with npm. There is likely additional logging output above.
24 verbose exit [ 255, true ]
