0 info it worked if it ends with ok
1 verbose cli [ '/usr/local/bin/node', '/usr/local/bin/npm', 'run', 'migrate-up' ]
2 info using npm@6.14.5
3 info using node@v12.18.2
4 verbose run-script [ 'premigrate-up', 'migrate-up', 'postmigrate-up' ]
5 info lifecycle ncms@1.0.0~premigrate-up: ncms@1.0.0
6 info lifecycle ncms@1.0.0~migrate-up: ncms@1.0.0
7 verbose lifecycle ncms@1.0.0~migrate-up: unsafe-perm in lifecycle true
8 verbose lifecycle ncms@1.0.0~migrate-up: PATH: /usr/local/lib/node_modules/npm/node_modules/npm-lifecycle/node-gyp-bin:/app/node_modules/.bin:/usr/local/sbin:/usr/local/bin:/usr/sbin:/usr/bin:/sbin:/bin
9 verbose lifecycle ncms@1.0.0~migrate-up: CWD: /app
10 silly lifecycle ncms@1.0.0~migrate-up: Args: [ '-c', 'migrate up --md ./src/migrations' ]
11 silly lifecycle ncms@1.0.0~migrate-up: Returned: code: 1  signal: null
12 info lifecycle ncms@1.0.0~migrate-up: Failed to exec migrate-up script
13 verbose stack Error: ncms@1.0.0 migrate-up: `migrate up --md ./src/migrations`
13 verbose stack Exit status 1
13 verbose stack     at EventEmitter.<anonymous> (/usr/local/lib/node_modules/npm/node_modules/npm-lifecycle/index.js:332:16)
13 verbose stack     at EventEmitter.emit (events.js:315:20)
13 verbose stack     at ChildProcess.<anonymous> (/usr/local/lib/node_modules/npm/node_modules/npm-lifecycle/lib/spawn.js:55:14)
13 verbose stack     at ChildProcess.emit (events.js:315:20)
13 verbose stack     at maybeClose (internal/child_process.js:1021:16)
13 verbose stack     at Process.ChildProcess._handle.onexit (internal/child_process.js:286:5)
14 verbose pkgid ncms@1.0.0
15 verbose cwd /app
16 verbose Linux 4.15.0-109-generic
17 verbose argv "/usr/local/bin/node" "/usr/local/bin/npm" "run" "migrate-up"
18 verbose node v12.18.2
19 verbose npm  v6.14.5
20 error code ELIFECYCLE
21 error errno 1
22 error ncms@1.0.0 migrate-up: `migrate up --md ./src/migrations`
22 error Exit status 1
23 error Failed at the ncms@1.0.0 migrate-up script.
23 error This is probably not a problem with npm. There is likely additional logging output above.
24 verbose exit [ 1, true ]
