0 info it worked if it ends with ok
1 verbose cli [ '/usr/local/bin/node', '/usr/local/bin/npm', 'run', 'start:dev' ]
2 info using npm@6.14.5
3 info using node@v12.18.2
4 verbose run-script [ 'prestart:dev', 'start:dev', 'poststart:dev' ]
5 info lifecycle ncms@1.0.0~prestart:dev: ncms@1.0.0
6 info lifecycle ncms@1.0.0~start:dev: ncms@1.0.0
7 verbose lifecycle ncms@1.0.0~start:dev: unsafe-perm in lifecycle true
8 verbose lifecycle ncms@1.0.0~start:dev: PATH: /usr/local/lib/node_modules/npm/node_modules/npm-lifecycle/node-gyp-bin:/app/node_modules/.bin:/usr/local/sbin:/usr/local/bin:/usr/sbin:/usr/bin:/sbin:/bin
9 verbose lifecycle ncms@1.0.0~start:dev: CWD: /app
10 silly lifecycle ncms@1.0.0~start:dev: Args: [
10 silly lifecycle   '-c',
10 silly lifecycle   'set NODE_ENV=webpack && npm-run-all --parallel webpack-watch watch'
10 silly lifecycle ]
11 silly lifecycle ncms@1.0.0~start:dev: Returned: code: 1  signal: null
12 info lifecycle ncms@1.0.0~start:dev: Failed to exec start:dev script
13 verbose stack Error: ncms@1.0.0 start:dev: `set NODE_ENV=webpack && npm-run-all --parallel webpack-watch watch`
13 verbose stack Exit status 1
13 verbose stack     at EventEmitter.<anonymous> (/usr/local/lib/node_modules/npm/node_modules/npm-lifecycle/index.js:332:16)
13 verbose stack     at EventEmitter.emit (events.js:315:20)
13 verbose stack     at ChildProcess.<anonymous> (/usr/local/lib/node_modules/npm/node_modules/npm-lifecycle/lib/spawn.js:55:14)
13 verbose stack     at ChildProcess.emit (events.js:315:20)
13 verbose stack     at maybeClose (internal/child_process.js:1021:16)
13 verbose stack     at Process.ChildProcess._handle.onexit (internal/child_process.js:286:5)
14 verbose pkgid ncms@1.0.0
15 verbose cwd /app
16 verbose Linux 4.15.0-109-generic
17 verbose argv "/usr/local/bin/node" "/usr/local/bin/npm" "run" "start:dev"
18 verbose node v12.18.2
19 verbose npm  v6.14.5
20 error code ELIFECYCLE
21 error errno 1
22 error ncms@1.0.0 start:dev: `set NODE_ENV=webpack && npm-run-all --parallel webpack-watch watch`
22 error Exit status 1
23 error Failed at the ncms@1.0.0 start:dev script.
23 error This is probably not a problem with npm. There is likely additional logging output above.
24 verbose exit [ 1, true ]
